<component name="libraryTable">
  <library name="junit-4.13-beta-1">
    <CLASSES>
      <root url="jar://$USER_HOME$/Desktop/笔记/Java依赖 jar文件库/JUnit/junit-4.13-beta-1.jar!/" />
      <root url="jar://$USER_HOME$/Desktop/笔记/Java依赖 jar文件库/JUnit/org.ops4j.pax.tipi.hamcrest.core-1.3.0.1.jar!/" />
    </CLASSES>
    <JAVADOC />
    <SOURCES />
  </library>
</component>